Using TensorFlow backend.
/home/groups/dlmrimnd/jacob/miniconda3/envs/segisnet_env/lib/python3.6/site-packages/tensorflow/python/framework/dtypes.py:469: FutureWarning: Passing (type, 1) or '1type' as a synonym of type is deprecated; in a future version of numpy, it will be understood as (type, (1,)) / '(1,)type'.
  _np_qint8 = np.dtype([("qint8", np.int8, 1)])
/home/groups/dlmrimnd/jacob/miniconda3/envs/segisnet_env/lib/python3.6/site-packages/tensorflow/python/framework/dtypes.py:470: FutureWarning: Passing (type, 1) or '1type' as a synonym of type is deprecated; in a future version of numpy, it will be understood as (type, (1,)) / '(1,)type'.
  _np_quint8 = np.dtype([("quint8", np.uint8, 1)])
/home/groups/dlmrimnd/jacob/miniconda3/envs/segisnet_env/lib/python3.6/site-packages/tensorflow/python/framework/dtypes.py:471: FutureWarning: Passing (type, 1) or '1type' as a synonym of type is deprecated; in a future version of numpy, it will be understood as (type, (1,)) / '(1,)type'.
  _np_qint16 = np.dtype([("qint16", np.int16, 1)])
/home/groups/dlmrimnd/jacob/miniconda3/envs/segisnet_env/lib/python3.6/site-packages/tensorflow/python/framework/dtypes.py:472: FutureWarning: Passing (type, 1) or '1type' as a synonym of type is deprecated; in a future version of numpy, it will be understood as (type, (1,)) / '(1,)type'.
  _np_quint16 = np.dtype([("quint16", np.uint16, 1)])
/home/groups/dlmrimnd/jacob/miniconda3/envs/segisnet_env/lib/python3.6/site-packages/tensorflow/python/framework/dtypes.py:473: FutureWarning: Passing (type, 1) or '1type' as a synonym of type is deprecated; in a future version of numpy, it will be understood as (type, (1,)) / '(1,)type'.
  _np_qint32 = np.dtype([("qint32", np.int32, 1)])
/home/groups/dlmrimnd/jacob/miniconda3/envs/segisnet_env/lib/python3.6/site-packages/tensorflow/python/framework/dtypes.py:476: FutureWarning: Passing (type, 1) or '1type' as a synonym of type is deprecated; in a future version of numpy, it will be understood as (type, (1,)) / '(1,)type'.
  np_resource = np.dtype([("resource", np.ubyte, 1)])
/home/groups/dlmrimnd/jacob/miniconda3/envs/segisnet_env/lib/python3.6/importlib/_bootstrap.py:219: RuntimeWarning: compiletime version 3.5 of module 'tensorflow.python.framework.fast_tensor_util' does not match runtime version 3.6
  return f(*args, **kwds)
/home/groups/dlmrimnd/jacob/miniconda3/envs/segisnet_env/lib/python3.6/site-packages/nilearn/__init__.py:69: FutureWarning: Python 3.6 support is deprecated and will be removed in release 0.10 of Nilearn. Consider switching to Python 3.8 or 3.9.
  _python_deprecation_warnings()
Matplotlib created a temporary config/cache directory at /scratch/187667/matplotlib-nfsohav3 because the default path (/cache/matplotlib) is not a writable directory; it is highly recommended to set the MPLCONFIGDIR environment variable to a writable directory, in particular to speed up the import of Matplotlib and to better support multiprocessing.
/home/groups/dlmrimnd/jacob/miniconda3/envs/segisnet_env/lib/python3.6/site-packages/keras/callbacks.py:999: UserWarning: `epsilon` argument is deprecated and will be removed, use `min_delta` instead.
  warnings.warn('`epsilon` argument is deprecated and '
Traceback (most recent call last):
  File "/home/groups/dlmrimnd/jacob/miniconda3/envs/segisnet_env/lib/python3.6/site-packages/nibabel/loadsave.py", line 42, in load
    stat_result = os.stat(filename)
FileNotFoundError: [Errno 2] No such file or directory: '/home/groups/dlmrimnd/jacob/data/combined_data/warped_input_roi/sub-012MND_ses_01/target_Warped_roi.nii.gz'

During handling of the above exception, another exception occurred:

Traceback (most recent call last):
  File "/home/groups/dlmrimnd/jacob/projects/Segis-Net/code/Segis-Net/Train_SegisNet.py", line 228, in <module>
    initial_epoch=initial_epoch)
  File "/home/groups/dlmrimnd/jacob/miniconda3/envs/segisnet_env/lib/python3.6/site-packages/keras/legacy/interfaces.py", line 91, in wrapper
    return func(*args, **kwargs)
  File "/home/groups/dlmrimnd/jacob/miniconda3/envs/segisnet_env/lib/python3.6/site-packages/keras/engine/training.py", line 1426, in fit_generator
    initial_epoch=initial_epoch)
  File "/home/groups/dlmrimnd/jacob/miniconda3/envs/segisnet_env/lib/python3.6/site-packages/keras/engine/training_generator.py", line 155, in fit_generator
    generator_output = next(output_generator)
  File "/home/groups/dlmrimnd/jacob/miniconda3/envs/segisnet_env/lib/python3.6/site-packages/keras/utils/data_utils.py", line 793, in get
    six.reraise(value.__class__, value, value.__traceback__)
  File "/home/groups/dlmrimnd/jacob/miniconda3/envs/segisnet_env/lib/python3.6/site-packages/six.py", line 719, in reraise
    raise value
  File "/home/groups/dlmrimnd/jacob/miniconda3/envs/segisnet_env/lib/python3.6/site-packages/keras/utils/data_utils.py", line 658, in _data_generator_task
    generator_output = next(self._generator)
  File "/home/groups/dlmrimnd/jacob/projects/Segis-Net/code/Segis-Net/SegisNet_model_dataGenerator.py", line 158, in generate
    x, y = self.__data_generation(list_IDs_temp, R_path, S_path, segm_path, affine_path)
  File "/home/groups/dlmrimnd/jacob/projects/Segis-Net/code/Segis-Net/SegisNet_model_dataGenerator.py", line 202, in __data_generation
    tgt_img = nib.load(tgt_p).get_fdata().astype(dtype='float32')
  File "/home/groups/dlmrimnd/jacob/miniconda3/envs/segisnet_env/lib/python3.6/site-packages/nibabel/loadsave.py", line 44, in load
    raise FileNotFoundError(f"No such file or no access: '{filename}'")
FileNotFoundError: No such file or no access: '/home/groups/dlmrimnd/jacob/data/combined_data/warped_input_roi/sub-012MND_ses_01/target_Warped_roi.nii.gz'
